<?xml version="1.0" encoding="UTF-8"?>
<persistence version="2.1" xmlns="http://xmlns.jcp.org/xml/ns/persistence" xmlns:xsi="http://www.w3.org/2001/XMLSchema-instance" xsi:schemaLocation="http://xmlns.jcp.org/xml/ns/persistence http://xmlns.jcp.org/xml/ns/persistence/persistence_2_1.xsd">

    <persistence-unit name="primary" transaction-type="JTA">
        <provider>org.hibernate.jpa.HibernatePersistenceProvider</provider>

        <jta-data-source>java:jboss/datasources/TestDS</jta-data-source>
        <properties>
            <property name="hibernate.hbm2ddl.auto" value="update" />
            <property name="hibernate.show_sql" value="true" />
            <property name="hibernate.format_sql" value="true" />
            <property name="hibernate.jdbc.batch_size" value="500" />
            <property name="hibernate.default_batch_fetch_size" value="500" />
        </properties>
    </persistence-unit>

</persistence>
